<?xml version="1.0" encoding="UTF-8"?>
<!-- Generated by org.testng.reporters.JUnitReportReporter -->
<testsuite skipped="0" hostname="ADMINRG-BGRV2NO" name="InvokeBrowser" tests="1" failures="0" timestamp="4 May 2021 02:58:10 GMT" time="4.255" errors="0">
  <testcase name="verifyTitle" time="4.255" classname="InvokeBrowser"/>
</testsuite> <!-- InvokeBrowser -->
