<?xml version="1.0" encoding="UTF-8"?>
<!-- Generated by org.testng.reporters.JUnitReportReporter -->
<testsuite skipped="0" hostname="ADMINRG-BGRV2NO" name="com.liveproject.AddDeleteStock" tests="1" failures="0" timestamp="12 May 2021 02:51:55 GMT" time="0.052" errors="0">
  <testcase name="addStocks" time="0.052" classname="com.liveproject.AddDeleteStock"/>
</testsuite> <!-- com.liveproject.AddDeleteStock -->
