<?xml version="1.0" encoding="UTF-8"?>
<!-- Generated by org.testng.reporters.JUnitReportReporter -->
<testsuite skipped="0" hostname="ADMINRG-BGRV2NO" name="com.selenium.basic.OptionsClassSelenium" tests="1" failures="0" timestamp="6 May 2021 09:25:47 GMT" time="10.057" errors="0">
  <testcase name="setArguments" time="10.057" classname="com.selenium.basic.OptionsClassSelenium"/>
</testsuite> <!-- com.selenium.basic.OptionsClassSelenium -->
