<?xml version="1.0" encoding="UTF-8"?>
<!-- Generated by org.testng.reporters.JUnitReportReporter -->
<testsuite skipped="0" hostname="ADMINRG-BGRV2NO" name="masterSelenium1.FindBrokenLink" tests="1" failures="0" timestamp="8 May 2021 17:08:37 GMT" time="230.735" errors="0">
  <testcase name="verifyBrokenLink" time="230.735" classname="masterSelenium1.FindBrokenLink"/>
</testsuite> <!-- masterSelenium1.FindBrokenLink -->
