<?xml version="1.0" encoding="UTF-8"?>
<!-- Generated by org.testng.reporters.JUnitReportReporter -->
<testsuite skipped="0" hostname="ADMINRG-BGRV2NO" name="com.liveproject.AddDeleteStockInPortfolio" tests="1" failures="0" timestamp="11 May 2021 17:44:47 GMT" time="0.026" errors="0">
  <testcase name="addStockTest" time="0.026" classname="com.liveproject.AddDeleteStockInPortfolio"/>
</testsuite> <!-- com.liveproject.AddDeleteStockInPortfolio -->
